<?xml version="1.0" encoding="UTF-8"?>
<!-- Generated by org.testng.reporters.JUnitReportReporter -->
<testsuite skipped="0" hostname="LAPTOP-N0G0NBDP" name="instructrScripts.SwitchWindow1" tests="1" failures="0" timestamp="28 Aug 2021 13:34:52 GMT" time="7.375" errors="0">
  <testcase name="windowhandleDemo" time="7.375" classname="instructrScripts.SwitchWindow1"/>
</testsuite> <!-- instructrScripts.SwitchWindow1 -->
