<?xml version="1.0" encoding="UTF-8"?>
<!-- Generated by org.testng.reporters.JUnitReportReporter -->
<testsuite skipped="0" hostname="LAPTOP-N0G0NBDP" name="com.qa.TestNGScripts.CheckboxTest" tests="1" failures="0" timestamp="14 Aug 2021 16:40:06 GMT" time="12.627" errors="0">
  <testcase name="checkboxTestmethod" time="12.627" classname="com.qa.TestNGScripts.CheckboxTest"/>
</testsuite> <!-- com.qa.TestNGScripts.CheckboxTest -->
