<?xml version="1.0" encoding="UTF-8"?>
<!-- Generated by org.testng.reporters.JUnitReportReporter -->
<testsuite skipped="0" hostname="LAPTOP-N0G0NBDP" name="com.qa.aug28.SwitchWindow1" tests="1" failures="0" timestamp="28 Aug 2021 17:48:08 GMT" time="9.504" errors="0">
  <testcase name="SwitchwindowTest" time="9.504" classname="com.qa.aug28.SwitchWindow1"/>
</testsuite> <!-- com.qa.aug28.SwitchWindow1 -->
