<?xml version="1.0" encoding="UTF-8"?>
<!-- Generated by org.testng.reporters.JUnitReportReporter -->
<testsuite skipped="0" hostname="LAPTOP-N0G0NBDP" name="com.qa.TestNGScripts.ParametersDemo1" tests="1" failures="0" timestamp="15 Aug 2021 17:02:05 GMT" time="0.033" errors="0">
  <testcase name="method" time="0.033" classname="com.qa.TestNGScripts.ParametersDemo1"/>
</testsuite> <!-- com.qa.TestNGScripts.ParametersDemo1 -->
