<?xml version="1.0" encoding="UTF-8"?>
<!-- Generated by org.testng.reporters.JUnitReportReporter -->
<testsuite skipped="0" hostname="LAPTOP-N0G0NBDP" name="instructrScripts.CrossBrowserTest" tests="2" failures="0" timestamp="15 Aug 2021 12:33:53 GMT" time="25.087" errors="0">
  <testcase name="searchInput" time="13.923" classname="instructrScripts.CrossBrowserTest"/>
  <testcase name="searchInput" time="11.164" classname="instructrScripts.CrossBrowserTest"/>
</testsuite> <!-- instructrScripts.CrossBrowserTest -->
