<?xml version="1.0" encoding="UTF-8"?>
<!-- Generated by org.testng.reporters.JUnitReportReporter -->
<testsuite skipped="0" hostname="LAPTOP-N0G0NBDP" name="com.qa.aug28.TabsDemo" tests="1" failures="0" timestamp="28 Aug 2021 17:29:28 GMT" time="23.790" errors="0">
  <testcase name="TabsTest" time="23.790" classname="com.qa.aug28.TabsDemo"/>
</testsuite> <!-- com.qa.aug28.TabsDemo -->
