<?xml version="1.0" encoding="UTF-8"?>
<!-- Generated by org.testng.reporters.JUnitReportReporter -->
<testsuite skipped="0" hostname="LAPTOP-N0G0NBDP" name="com.qa.TestNGScripts.TestNGGroups" tests="6" failures="0" timestamp="15 Aug 2021 16:42:35 GMT" time="0.060" errors="0">
  <testcase name="ComposeTest" time="0.043" classname="com.qa.TestNGScripts.TestNGGroups"/>
  <testcase name="Subjetctest" time="0.002" classname="com.qa.TestNGScripts.TestNGGroups"/>
  <testcase name="SendButtonTest" time="0.002" classname="com.qa.TestNGScripts.TestNGGroups"/>
  <testcase name="SearchEmailTest" time="0.006" classname="com.qa.TestNGScripts.TestNGGroups"/>
  <testcase name="OpenEmailtest" time="0.003" classname="com.qa.TestNGScripts.TestNGGroups"/>
  <testcase name="ModifyEmail" time="0.004" classname="com.qa.TestNGScripts.TestNGGroups"/>
</testsuite> <!-- com.qa.TestNGScripts.TestNGGroups -->
