<?xml version="1.0" encoding="UTF-8"?>
<!-- Generated by org.testng.reporters.JUnitReportReporter -->
<testsuite skipped="0" hostname="LAPTOP-N0G0NBDP" name="com.qa.TestNGScripts.ParameterizationJXL" tests="21" failures="0" timestamp="21 Aug 2021 16:20:01 GMT" time="23.806" errors="0">
  <testcase name="wikipagedata" time="1.146" classname="com.qa.TestNGScripts.ParameterizationJXL"/>
  <testcase name="wikipagedata" time="1.198" classname="com.qa.TestNGScripts.ParameterizationJXL"/>
  <testcase name="wikipagedata" time="1.191" classname="com.qa.TestNGScripts.ParameterizationJXL"/>
  <testcase name="wikipagedata" time="1.145" classname="com.qa.TestNGScripts.ParameterizationJXL"/>
  <testcase name="wikipagedata" time="1.093" classname="com.qa.TestNGScripts.ParameterizationJXL"/>
  <testcase name="wikipagedata" time="1.072" classname="com.qa.TestNGScripts.ParameterizationJXL"/>
  <testcase name="wikipagedata" time="1.081" classname="com.qa.TestNGScripts.ParameterizationJXL"/>
  <testcase name="wikipagedata" time="1.147" classname="com.qa.TestNGScripts.ParameterizationJXL"/>
  <testcase name="wikipagedata" time="1.149" classname="com.qa.TestNGScripts.ParameterizationJXL"/>
  <testcase name="wikipagedata" time="1.085" classname="com.qa.TestNGScripts.ParameterizationJXL"/>
  <testcase name="wikipagedata" time="1.042" classname="com.qa.TestNGScripts.ParameterizationJXL"/>
  <testcase name="wikipagedata" time="1.185" classname="com.qa.TestNGScripts.ParameterizationJXL"/>
  <testcase name="wikipagedata" time="1.144" classname="com.qa.TestNGScripts.ParameterizationJXL"/>
  <testcase name="wikipagedata" time="1.122" classname="com.qa.TestNGScripts.ParameterizationJXL"/>
  <testcase name="wikipagedata" time="1.097" classname="com.qa.TestNGScripts.ParameterizationJXL"/>
  <testcase name="wikipagedata" time="1.135" classname="com.qa.TestNGScripts.ParameterizationJXL"/>
  <testcase name="wikipagedata" time="1.173" classname="com.qa.TestNGScripts.ParameterizationJXL"/>
  <testcase name="wikipagedata" time="1.132" classname="com.qa.TestNGScripts.ParameterizationJXL"/>
  <testcase name="wikipagedata" time="1.157" classname="com.qa.TestNGScripts.ParameterizationJXL"/>
  <testcase name="wikipagedata" time="1.121" classname="com.qa.TestNGScripts.ParameterizationJXL"/>
  <testcase name="wikipagedata" time="1.191" classname="com.qa.TestNGScripts.ParameterizationJXL"/>
</testsuite> <!-- com.qa.TestNGScripts.ParameterizationJXL -->
