<?xml version="1.0" encoding="UTF-8"?>
<!-- Generated by org.testng.reporters.JUnitReportReporter -->
<testsuite skipped="0" hostname="LAPTOP-N0G0NBDP" name="com.qa.TestNGScripts.DropDownTest" tests="2" failures="0" timestamp="14 Aug 2021 17:12:27 GMT" time="18.216" errors="0">
  <testcase name="dropdownCheck" time="10.307" classname="com.qa.TestNGScripts.DropDownTest"/>
  <testcase name="InputboxDemo" time="7.909" classname="com.qa.TestNGScripts.DropDownTest"/>
</testsuite> <!-- com.qa.TestNGScripts.DropDownTest -->
