<?xml version="1.0" encoding="UTF-8"?>
<!-- Generated by org.testng.reporters.JUnitReportReporter -->
<testsuite skipped="0" hostname="LAPTOP-N0G0NBDP" name="com.qa.TestNGScripts.DataDrivenTestingPOI" tests="22" failures="0" timestamp="21 Aug 2021 17:01:44 GMT" time="30.607" errors="0">
  <testcase name="wikipagedata" time="1.039" classname="com.qa.TestNGScripts.DataDrivenTestingPOI"/>
  <testcase name="wikipagedata" time="1.303" classname="com.qa.TestNGScripts.DataDrivenTestingPOI"/>
  <testcase name="wikipagedata" time="1.398" classname="com.qa.TestNGScripts.DataDrivenTestingPOI"/>
  <testcase name="wikipagedata" time="1.423" classname="com.qa.TestNGScripts.DataDrivenTestingPOI"/>
  <testcase name="wikipagedata" time="1.467" classname="com.qa.TestNGScripts.DataDrivenTestingPOI"/>
  <testcase name="wikipagedata" time="1.262" classname="com.qa.TestNGScripts.DataDrivenTestingPOI"/>
  <testcase name="wikipagedata" time="1.308" classname="com.qa.TestNGScripts.DataDrivenTestingPOI"/>
  <testcase name="wikipagedata" time="1.489" classname="com.qa.TestNGScripts.DataDrivenTestingPOI"/>
  <testcase name="wikipagedata" time="1.449" classname="com.qa.TestNGScripts.DataDrivenTestingPOI"/>
  <testcase name="wikipagedata" time="1.433" classname="com.qa.TestNGScripts.DataDrivenTestingPOI"/>
  <testcase name="wikipagedata" time="1.380" classname="com.qa.TestNGScripts.DataDrivenTestingPOI"/>
  <testcase name="wikipagedata" time="1.284" classname="com.qa.TestNGScripts.DataDrivenTestingPOI"/>
  <testcase name="wikipagedata" time="1.433" classname="com.qa.TestNGScripts.DataDrivenTestingPOI"/>
  <testcase name="wikipagedata" time="1.761" classname="com.qa.TestNGScripts.DataDrivenTestingPOI"/>
  <testcase name="wikipagedata" time="1.430" classname="com.qa.TestNGScripts.DataDrivenTestingPOI"/>
  <testcase name="wikipagedata" time="1.385" classname="com.qa.TestNGScripts.DataDrivenTestingPOI"/>
  <testcase name="wikipagedata" time="1.498" classname="com.qa.TestNGScripts.DataDrivenTestingPOI"/>
  <testcase name="wikipagedata" time="1.397" classname="com.qa.TestNGScripts.DataDrivenTestingPOI"/>
  <testcase name="wikipagedata" time="1.449" classname="com.qa.TestNGScripts.DataDrivenTestingPOI"/>
  <testcase name="wikipagedata" time="1.269" classname="com.qa.TestNGScripts.DataDrivenTestingPOI"/>
  <testcase name="wikipagedata" time="1.351" classname="com.qa.TestNGScripts.DataDrivenTestingPOI"/>
  <testcase name="wikipagedata" time="1.399" classname="com.qa.TestNGScripts.DataDrivenTestingPOI"/>
</testsuite> <!-- com.qa.TestNGScripts.DataDrivenTestingPOI -->
