<?xml version="1.0" encoding="UTF-8"?>
<!-- Generated by org.testng.reporters.JUnitReportReporter -->
<testsuite skipped="0" hostname="LAPTOP-N0G0NBDP" name="com.qa.TestNGScripts.ParameterDemoXML" tests="9" failures="0" timestamp="15 Aug 2021 17:28:17 GMT" time="45.213" errors="0">
  <testcase name="TestWikiHomePage" time="10.602" classname="com.qa.TestNGScripts.ParameterDemoXML"/>
  <testcase name="TestWikiHomePage" time="10.949" classname="com.qa.TestNGScripts.ParameterDemoXML"/>
  <testcase name="TestWikiHomePage" time="11.402" classname="com.qa.TestNGScripts.ParameterDemoXML"/>
  <testcase name="ClickCreateAccount" time="2.094" classname="com.qa.TestNGScripts.ParameterDemoXML"/>
  <testcase name="ClickCreateAccount" time="2.753" classname="com.qa.TestNGScripts.ParameterDemoXML"/>
  <testcase name="ClickCreateAccount" time="1.953" classname="com.qa.TestNGScripts.ParameterDemoXML"/>
  <testcase name="EnterdataTest" time="1.670" classname="com.qa.TestNGScripts.ParameterDemoXML"/>
  <testcase name="EnterdataTest" time="1.450" classname="com.qa.TestNGScripts.ParameterDemoXML"/>
  <testcase name="EnterdataTest" time="2.340" classname="com.qa.TestNGScripts.ParameterDemoXML"/>
</testsuite> <!-- com.qa.TestNGScripts.ParameterDemoXML -->
