<?xml version="1.0" encoding="UTF-8"?>
<!-- Generated by org.testng.reporters.JUnitReportReporter -->
<testsuite skipped="0" hostname="LAPTOP-N0G0NBDP" name="com.qa.aug28.DragDropDemo" tests="1" failures="0" timestamp="28 Aug 2021 16:07:57 GMT" time="11.392" errors="0">
  <testcase name="DragDropTest" time="11.392" classname="com.qa.aug28.DragDropDemo"/>
</testsuite> <!-- com.qa.aug28.DragDropDemo -->
