<?xml version="1.0" encoding="UTF-8"?>
<!-- Generated by org.testng.reporters.JUnitReportReporter -->
<testsuite skipped="0" hostname="LAPTOP-N0G0NBDP" name="com.qa.TestNGScripts.Example" tests="2" failures="0" timestamp="14 Aug 2021 17:43:06 GMT" time="0.049" errors="0">
  <testcase name="MethodA" time="0.003" classname="com.qa.TestNGScripts.Example"/>
  <testcase name="MethodB" time="0.046" classname="com.qa.TestNGScripts.Example"/>
</testsuite> <!-- com.qa.TestNGScripts.Example -->
