<?xml version="1.0" encoding="UTF-8"?>
<!-- Generated by org.testng.reporters.JUnitReportReporter -->
<testsuite skipped="0" hostname="LAPTOP-N0G0NBDP" name="com.qa.TestNGScripts.Annotations3" tests="3" failures="0" timestamp="15 Aug 2021 16:18:38 GMT" time="9.806" errors="0">
  <testcase name="TestWikiHomePage" time="8.189" classname="com.qa.TestNGScripts.Annotations3"/>
  <testcase name="ClickCreateAccount" time="1.240" classname="com.qa.TestNGScripts.Annotations3"/>
  <testcase name="EnterdataTest" time="0.377" classname="com.qa.TestNGScripts.Annotations3"/>
</testsuite> <!-- com.qa.TestNGScripts.Annotations3 -->
