<?xml version="1.0" encoding="UTF-8"?>
<!-- Generated by org.testng.reporters.JUnitReportReporter -->
<testsuite skipped="0" hostname="LAPTOP-N0G0NBDP" name="com.qa.TestNGScripts.READ_WRITE_EXCEL" tests="1" failures="0" timestamp="21 Aug 2021 17:19:42 GMT" time="39.639" errors="0">
  <testcase name="wikipagedata" time="39.639" classname="com.qa.TestNGScripts.READ_WRITE_EXCEL"/>
</testsuite> <!-- com.qa.TestNGScripts.READ_WRITE_EXCEL -->
