<?xml version="1.0" encoding="UTF-8"?>
<!-- Generated by org.testng.reporters.JUnitReportReporter -->
<testsuite skipped="1" hostname="LAPTOP-N0G0NBDP" name="instructrScripts.ApachePOI" tests="2" failures="0" timestamp="21 Aug 2021 10:57:33 GMT" time="0.348" errors="0">
  <testcase name="CreateStstusCol" time="0.348" classname="instructrScripts.ApachePOI"/>
  <testcase name="wikipagedata" time="0.000" classname="instructrScripts.ApachePOI">
    <skipped/>
  </testcase> <!-- wikipagedata -->
</testsuite> <!-- instructrScripts.ApachePOI -->
