<?xml version="1.0" encoding="UTF-8"?>
<!-- Generated by org.testng.reporters.JUnitReportReporter -->
<testsuite skipped="0" hostname="LAPTOP-N0G0NBDP" name="com.qa.aug28.ScrollingDemo" tests="1" failures="0" timestamp="28 Aug 2021 15:27:16 GMT" time="11.758" errors="0">
  <testcase name="ScrollingTest" time="11.758" classname="com.qa.aug28.ScrollingDemo"/>
</testsuite> <!-- com.qa.aug28.ScrollingDemo -->
