<?xml version="1.0" encoding="UTF-8"?>
<!-- Generated by org.testng.reporters.JUnitReportReporter -->
<testsuite skipped="0" hostname="LAPTOP-N0G0NBDP" name="com.qa.TestNGScripts.Annotation1" tests="4" failures="0" timestamp="15 Aug 2021 16:18:38 GMT" time="0.026" errors="0">
  <testcase name="CreateEmail" time="0.008" classname="com.qa.TestNGScripts.Annotation1"/>
  <testcase name="SearchMethod" time="0.006" classname="com.qa.TestNGScripts.Annotation1"/>
  <testcase name="ModifyEmail" time="0.003" classname="com.qa.TestNGScripts.Annotation1"/>
  <testcase name="DeleteEmail" time="0.009" classname="com.qa.TestNGScripts.Annotation1"/>
</testsuite> <!-- com.qa.TestNGScripts.Annotation1 -->
