<?xml version="1.0" encoding="UTF-8"?>
<!-- Generated by org.testng.reporters.JUnitReportReporter -->
<testsuite skipped="0" hostname="LAPTOP-N0G0NBDP" name="instructrScripts.IFramesDemo" tests="1" failures="0" timestamp="21 Aug 2021 11:28:58 GMT" time="13.365" errors="0">
  <testcase name="FrameDemoTest" time="13.365" classname="instructrScripts.IFramesDemo"/>
</testsuite> <!-- instructrScripts.IFramesDemo -->
