<?xml version="1.0" encoding="UTF-8"?>
<!-- Generated by org.testng.reporters.JUnitReportReporter -->
<testsuite skipped="0" hostname="LAPTOP-N0G0NBDP" name="instructrScripts.Annotations3" tests="6" failures="0" timestamp="15 Aug 2021 12:15:31 GMT" time="27.564" errors="0">
  <testcase name="TestWikiHomePage" time="7.074" classname="instructrScripts.Annotations3"/>
  <testcase name="TestWikiHomePage" time="7.542" classname="instructrScripts.Annotations3"/>
  <testcase name="ClickCreateAccount" time="1.976" classname="instructrScripts.Annotations3"/>
  <testcase name="ClickCreateAccount" time="1.625" classname="instructrScripts.Annotations3"/>
  <testcase name="EnterdataTest" time="4.705" classname="instructrScripts.Annotations3"/>
  <testcase name="EnterdataTest" time="4.642" classname="instructrScripts.Annotations3"/>
</testsuite> <!-- instructrScripts.Annotations3 -->
