<?xml version="1.0" encoding="UTF-8"?>
<!-- Generated by org.testng.reporters.JUnitReportReporter -->
<testsuite skipped="0" hostname="LAPTOP-N0G0NBDP" name="instructrScripts.SwitchWindow" tests="1" failures="0" timestamp="21 Aug 2021 11:45:04 GMT" time="16.852" errors="0">
  <testcase name="WindowHandlesDemo" time="16.852" classname="instructrScripts.SwitchWindow"/>
</testsuite> <!-- instructrScripts.SwitchWindow -->
