<?xml version="1.0" encoding="UTF-8"?>
<!-- Generated by org.testng.reporters.JUnitReportReporter -->
<testsuite skipped="0" hostname="LAPTOP-N0G0NBDP" name="instructrScripts.WindowTabs" tests="1" failures="0" timestamp="28 Aug 2021 12:35:02 GMT" time="17.952" errors="0">
  <testcase name="tabsdemo" time="17.952" classname="instructrScripts.WindowTabs"/>
</testsuite> <!-- instructrScripts.WindowTabs -->
