<?xml version="1.0" encoding="UTF-8"?>
<!-- Generated by org.testng.reporters.JUnitReportReporter -->
<testsuite skipped="0" hostname="LAPTOP-N0G0NBDP" name="instructrScripts.ApachePoiReadWrite" tests="1" failures="0" timestamp="21 Aug 2021 11:09:29 GMT" time="17.389" errors="0">
  <testcase name="wikipagedata" time="17.389" classname="instructrScripts.ApachePoiReadWrite"/>
</testsuite> <!-- instructrScripts.ApachePoiReadWrite -->
