<?xml version="1.0" encoding="UTF-8"?>
<!-- Generated by org.testng.reporters.JUnitReportReporter -->
<testsuite skipped="1" hostname="LAPTOP-N0G0NBDP" name="com.qa.TestNGScripts.Anootations4" tests="3" failures="0" timestamp="15 Aug 2021 15:20:48 GMT" time="0.048" errors="0">
  <testcase name="login" time="0.043" classname="com.qa.TestNGScripts.Anootations4"/>
  <testcase name="createEmail" time="0.005" classname="com.qa.TestNGScripts.Anootations4"/>
  <testcase name="Registration" classname="com.qa.TestNGScripts.Anootations4">
    <skipped/>
  </testcase> <!-- Registration -->
</testsuite> <!-- com.qa.TestNGScripts.Anootations4 -->
