<?xml version="1.0" encoding="UTF-8"?>
<!-- Generated by org.testng.reporters.JUnitReportReporter -->
<testsuite skipped="0" hostname="LAPTOP-N0G0NBDP" name="instructrScripts.DragDropDemo" tests="1" failures="0" timestamp="28 Aug 2021 11:08:16 GMT" time="2.685" errors="0">
  <testcase name="dragdropTest" time="2.685" classname="instructrScripts.DragDropDemo"/>
</testsuite> <!-- instructrScripts.DragDropDemo -->
