<?xml version="1.0" encoding="UTF-8"?>
<!-- Generated by org.testng.reporters.JUnitReportReporter -->
<testsuite skipped="0" hostname="LAPTOP-N0G0NBDP" name="com.qa.TestNGScripts.Annotations2" tests="4" failures="0" timestamp="15 Aug 2021 16:18:38 GMT" time="0.008" errors="0">
  <testcase name="CreateEmail13535" time="0.002" classname="com.qa.TestNGScripts.Annotations2"/>
  <testcase name="SearchMethod12" time="0.002" classname="com.qa.TestNGScripts.Annotations2"/>
  <testcase name="ModifyEmail23" time="0.000" classname="com.qa.TestNGScripts.Annotations2"/>
  <testcase name="DeleteEmail43" time="0.004" classname="com.qa.TestNGScripts.Annotations2"/>
</testsuite> <!-- com.qa.TestNGScripts.Annotations2 -->
