<?xml version="1.0" encoding="UTF-8"?>
<!-- Generated by org.testng.reporters.JUnitReportReporter -->
<testsuite skipped="0" hostname="LAPTOP-N0G0NBDP" name="instructrScripts.SwitchWindow" tests="1" failures="0" timestamp="28 Aug 2021 17:55:12 GMT" time="19.710" errors="0">
  <testcase name="WindowHandlesDemo" time="19.710" classname="instructrScripts.SwitchWindow"/>
</testsuite> <!-- instructrScripts.SwitchWindow -->
