<?xml version="1.0" encoding="UTF-8"?>
<!-- Generated by org.testng.reporters.JUnitReportReporter -->
<testsuite skipped="1" hostname="LAPTOP-N0G0NBDP" name="instructrScripts.ApachePOI" tests="1" failures="0" timestamp="21 Aug 2021 16:55:04 GMT" time="0.000" errors="0">
  <testcase name="wikipagedata" time="0.000" classname="instructrScripts.ApachePOI">
    <skipped/>
  </testcase> <!-- wikipagedata -->
</testsuite> <!-- instructrScripts.ApachePOI -->
