<?xml version="1.0" encoding="UTF-8"?>
<!-- Generated by org.testng.reporters.JUnitReportReporter -->
<testsuite skipped="0" hostname="LAPTOP-N0G0NBDP" name="instructrScripts.MouseOverDemo" tests="1" failures="0" timestamp="28 Aug 2021 11:39:19 GMT" time="13.335" errors="0">
  <testcase name="MouseoverTest" time="13.335" classname="instructrScripts.MouseOverDemo"/>
</testsuite> <!-- instructrScripts.MouseOverDemo -->
