<?xml version="1.0" encoding="UTF-8"?>
<!-- Generated by org.testng.reporters.JUnitReportReporter -->
<testsuite skipped="0" hostname="LAPTOP-N0G0NBDP" name="com.qa.aug28.MouseOverTest" tests="1" failures="0" timestamp="28 Aug 2021 17:08:05 GMT" time="15.498" errors="0">
  <testcase name="MouseOverDemo" time="15.498" classname="com.qa.aug28.MouseOverTest"/>
</testsuite> <!-- com.qa.aug28.MouseOverTest -->
