<?xml version="1.0" encoding="UTF-8"?>
<!-- Generated by org.testng.reporters.JUnitReportReporter -->
<testsuite skipped="0" hostname="LAPTOP-N0G0NBDP" name="com.qa.TestNGScripts.FramesDemo" tests="1" failures="0" timestamp="21 Aug 2021 17:58:23 GMT" time="13.836" errors="0">
  <testcase name="FrameTestDemo" time="13.836" classname="com.qa.TestNGScripts.FramesDemo"/>
</testsuite> <!-- com.qa.TestNGScripts.FramesDemo -->
