<?xml version="1.0" encoding="UTF-8"?>
<!-- Generated by org.testng.reporters.JUnitReportReporter -->
<testsuite skipped="0" hostname="LAPTOP-N0G0NBDP" name="com.qa.TestNGScripts.WriteExcelWEB" tests="1" failures="0" timestamp="21 Aug 2021 17:40:01 GMT" time="10.559" errors="0">
  <testcase name="WriteExcel" time="10.559" classname="com.qa.TestNGScripts.WriteExcelWEB"/>
</testsuite> <!-- com.qa.TestNGScripts.WriteExcelWEB -->
