<?xml version="1.0" encoding="UTF-8"?>
<!-- Generated by org.testng.reporters.JUnitReportReporter -->
<testsuite skipped="0" hostname="LAPTOP-N0G0NBDP" name="com.qa.TestNGScripts.WebElementDEMO" tests="1" failures="0" timestamp="14 Aug 2021 16:42:04 GMT" time="14.435" errors="0">
  <testcase name="RadioButtontest" time="14.435" classname="com.qa.TestNGScripts.WebElementDEMO"/>
</testsuite> <!-- com.qa.TestNGScripts.WebElementDEMO -->
