<?xml version="1.0" encoding="UTF-8"?>
<!-- Generated by org.testng.reporters.JUnitReportReporter -->
<testsuite skipped="0" hostname="LAPTOP-N0G0NBDP" name="com.qa.TestNGScripts.CrossBrowserTest" tests="2" failures="0" timestamp="15 Aug 2021 17:51:40 GMT" time="19.597" errors="0">
  <testcase name="TestWikiHomePage" time="10.932" classname="com.qa.TestNGScripts.CrossBrowserTest"/>
  <testcase name="TestWikiHomePage" time="8.665" classname="com.qa.TestNGScripts.CrossBrowserTest"/>
</testsuite> <!-- com.qa.TestNGScripts.CrossBrowserTest -->
