<?xml version="1.0" encoding="UTF-8"?>
<!-- Generated by org.testng.reporters.JUnitReportReporter -->
<testsuite skipped="0" hostname="LAPTOP-N0G0NBDP" name="instructrScripts.Scrolling" tests="1" failures="0" timestamp="28 Aug 2021 13:50:17 GMT" time="8.611" errors="0">
  <testcase name="scrolling" time="8.611" classname="instructrScripts.Scrolling"/>
</testsuite> <!-- instructrScripts.Scrolling -->
