<?xml version="1.0" encoding="UTF-8"?>
<!-- Generated by org.testng.reporters.JUnitReportReporter -->
<testsuite skipped="0" hostname="LAPTOP-N0G0NBDP" name="instructrScripts.KeyBoardDemo" tests="1" failures="0" timestamp="28 Aug 2021 11:20:14 GMT" time="5.858" errors="0">
  <testcase name="keysDemo" time="5.858" classname="instructrScripts.KeyBoardDemo"/>
</testsuite> <!-- instructrScripts.KeyBoardDemo -->
